<?xml version="1.0" encoding="UTF-8"?>
<!-- Generated by org.testng.reporters.JUnitXMLReporter -->
<testsuite ignored="12" hostname="DESKTOP-HN6Q64C" failures="0" tests="1" name="Default test" time="9.859" errors="0" timestamp="2022-03-05T23:45:16 EET">
  <testcase classname="nopcommercePackage.nopcommerceClass" name="@BeforeMethod login" time="4.786">
    <failure type="java.lang.NullPointerException" message="Cannot invoke &amp;quot;com.relevantcodes.extentreports.ExtentReports.startTest(String)&amp;quot; because &amp;quot;nopcommercePackage.nopcommerceClass.extent&amp;quot; is null">
      <![CDATA[java.lang.NullPointerException: Cannot invoke "com.relevantcodes.extentreports.ExtentReports.startTest(String)" because "nopcommercePackage.nopcommerceClass.extent" is null
at nopcommercePackage.nopcommerceClass.login(nopcommerceClass.java:33)
at java.base/jdk.internal.reflect.NativeMethodAccessorImpl.invoke0(Native Method)
at java.base/jdk.internal.reflect.NativeMethodAccessorImpl.invoke(NativeMethodAccessorImpl.java:77)
at java.base/jdk.internal.reflect.DelegatingMethodAccessorImpl.invoke(DelegatingMethodAccessorImpl.java:43)
at java.base/java.lang.reflect.Method.invoke(Method.java:568)
at org.testng.internal.MethodInvocationHelper.invokeMethod(MethodInvocationHelper.java:133)
at org.testng.internal.MethodInvocationHelper.invokeMethodConsideringTimeout(MethodInvocationHelper.java:62)
at org.testng.internal.ConfigInvoker.invokeConfigurationMethod(ConfigInvoker.java:385)
at org.testng.internal.ConfigInvoker.invokeConfigurations(ConfigInvoker.java:321)
at org.testng.internal.TestInvoker.runConfigMethods(TestInvoker.java:700)
at org.testng.internal.TestInvoker.invokeMethod(TestInvoker.java:527)
at org.testng.internal.TestInvoker.invokeTestMethod(TestInvoker.java:173)
at org.testng.internal.MethodRunner.runInSequence(MethodRunner.java:46)
at org.testng.internal.TestInvoker$MethodInvocationAgent.invoke(TestInvoker.java:824)
at org.testng.internal.TestInvoker.invokeTestMethods(TestInvoker.java:146)
at org.testng.internal.TestMethodWorker.invokeTestMethods(TestMethodWorker.java:146)
at org.testng.internal.TestMethodWorker.run(TestMethodWorker.java:128)
at java.base/java.util.ArrayList.forEach(ArrayList.java:1511)
at org.testng.TestRunner.privateRun(TestRunner.java:794)
at org.testng.TestRunner.run(TestRunner.java:596)
at org.testng.SuiteRunner.runTest(SuiteRunner.java:377)
at org.testng.SuiteRunner.runSequentially(SuiteRunner.java:371)
at org.testng.SuiteRunner.privateRun(SuiteRunner.java:332)
at org.testng.SuiteRunner.run(SuiteRunner.java:276)
at org.testng.SuiteRunnerWorker.runSuite(SuiteRunnerWorker.java:53)
at org.testng.SuiteRunnerWorker.run(SuiteRunnerWorker.java:96)
at org.testng.TestNG.runSuitesSequentially(TestNG.java:1212)
at org.testng.TestNG.runSuitesLocally(TestNG.java:1134)
at org.testng.TestNG.runSuites(TestNG.java:1063)
at org.testng.TestNG.run(TestNG.java:1031)
at org.testng.remote.AbstractRemoteTestNG.run(AbstractRemoteTestNG.java:115)
at org.testng.remote.RemoteTestNG.initAndRun(RemoteTestNG.java:251)
at org.testng.remote.RemoteTestNG.main(RemoteTestNG.java:77)
]]>
    </failure>
  </testcase> <!-- @BeforeMethod login -->
  <testcase classname="nopcommercePackage.nopcommerceClass" name="@AfterMethod tearDown" time="-1.646516715256E9">
    <skipped/>
  </testcase> <!-- @AfterMethod tearDown -->
  <testcase classname="nopcommercePackage.nopcommerceClass" name="Add_to_Cart_with_all_data" time="0.0">
    <skipped/>
  </testcase> <!-- Add_to_Cart_with_all_data -->
  <testcase classname="nopcommercePackage.nopcommerceClass" name="NotAdd_to_Cart_without_ThirdField" time="0.0">
    <ignored/>
  </testcase> <!-- NotAdd_to_Cart_without_ThirdField -->
  <testcase classname="nopcommercePackage.nopcommerceClass" name="NotAdd_to_Cart_without_FourthField" time="0.0">
    <ignored/>
  </testcase> <!-- NotAdd_to_Cart_without_FourthField -->
  <testcase classname="nopcommercePackage.nopcommerceClass" name="NotAdd_to_Cart_without_SecondField" time="0.0">
    <ignored/>
  </testcase> <!-- NotAdd_to_Cart_without_SecondField -->
  <testcase classname="nopcommercePackage.nopcommerceClass" name="Search_With_Text" time="0.0">
    <ignored/>
  </testcase> <!-- Search_With_Text -->
  <testcase classname="nopcommercePackage.nopcommerceClass" name="Search_Without_Text" time="0.0">
    <ignored/>
  </testcase> <!-- Search_Without_Text -->
  <testcase classname="nopcommercePackage.nopcommerceClass" name="NotAdd_to_Cart_without_FirstField" time="0.0">
    <ignored/>
  </testcase> <!-- NotAdd_to_Cart_without_FirstField -->
  <testcase classname="nopcommercePackage.nopcommerceClass" name="Check_Top_Menu_NotMobile" time="0.0">
    <ignored/>
  </testcase> <!-- Check_Top_Menu_NotMobile -->
  <testcase classname="nopcommercePackage.nopcommerceClass" name="Check_Home_Page_Product_Grid" time="0.0">
    <ignored/>
  </testcase> <!-- Check_Home_Page_Product_Grid -->
  <testcase classname="nopcommercePackage.nopcommerceClass" name="Add_To_CompareList" time="0.0">
    <ignored/>
  </testcase> <!-- Add_To_CompareList -->
  <testcase classname="nopcommercePackage.nopcommerceClass" name="Check_Home_Page_Category_Grid" time="0.0">
    <ignored/>
  </testcase> <!-- Check_Home_Page_Category_Grid -->
  <testcase classname="nopcommercePackage.nopcommerceClass" name="Checkh_Header_Upper" time="0.0">
    <ignored/>
  </testcase> <!-- Checkh_Header_Upper -->
  <testcase classname="nopcommercePackage.nopcommerceClass" name="Check_News_List_HomePage" time="0.0">
    <ignored/>
  </testcase> <!-- Check_News_List_HomePage -->
</testsuite> <!-- Default test -->
